<?xml version="1.0" encoding="UTF-8"?>
<testsuite xmlns:xsi="http://www.w3.org/2001/XMLSchema-instance" xsi:noNamespaceSchemaLocation="https://maven.apache.org/surefire/maven-surefire-plugin/xsd/surefire-test-report.xsd" name="weatherServiceAPI.WeatherControllerTest" time="14.221" tests="2" errors="0" skipped="0" failures="2">
  <properties>
[...]
</properties>
  <testcase name="getWeather" classname="weatherServiceAPI.WeatherControllerTest" time="1.285">
    <failure message="expected:&lt;200&gt; but was:&lt;404&gt;" type="java.lang.AssertionError"><![CDATA[java.lang.AssertionError: expected:<200> but was:<404>
	at weatherServiceAPI.WeatherControllerTest.getWeather(WeatherControllerTest.java:31)
]]></failure>
    <system-out><![CDATA[11:58:56.759 [main] DEBUG org.springframework.test.annotation.ProfileValueUtils - Retrieved @ProfileValueSourceConfiguration [null] for test class [weatherServiceAPI.WeatherControllerTest]
11:58:56.759 [main] DEBUG org.springframework.test.annotation.ProfileValueUtils - Retrieved ProfileValueSource type [class org.springframework.test.annotation.SystemProfileValueSource] for class [weatherServiceAPI.WeatherControllerTest]
11:58:56.760 [main] DEBUG org.springframework.test.annotation.ProfileValueUtils - Retrieved @ProfileValueSourceConfiguration [null] for test class [weatherServiceAPI.WeatherControllerTest]
11:58:56.760 [main] DEBUG org.springframework.test.annotation.ProfileValueUtils - Retrieved ProfileValueSource type [class org.springframework.test.annotation.SystemProfileValueSource] for class [weatherServiceAPI.WeatherControllerTest]
11:58:56.761 [main] DEBUG org.springframework.test.annotation.ProfileValueUtils - Retrieved @ProfileValueSourceConfiguration [null] for test class [weatherServiceAPI.WeatherControllerTest]
11:58:56.761 [main] DEBUG org.springframework.test.annotation.ProfileValueUtils - Retrieved ProfileValueSource type [class org.springframework.test.annotation.SystemProfileValueSource] for class [weatherServiceAPI.WeatherControllerTest]
11:58:56.794 [main] DEBUG org.springframework.test.context.support.AbstractDirtiesContextTestExecutionListener - Before test class: context [DefaultTestContext@119f1f2a testClass = WeatherControllerTest, testInstance = [null], testMethod = [null], testException = [null], mergedContextConfiguration = [WebMergedContextConfiguration@1a1da881 testClass = WeatherControllerTest, locations = '{}', classes = '{class com.coding.weatherServiceAPI.WeatherApplication, class com.coding.weatherServiceAPI.WeatherApplication}', contextInitializerClasses = '[]', activeProfiles = '{}', propertySourceLocations = '{}', propertySourceProperties = '{org.springframework.boot.test.context.SpringBootTestContextBootstrapper=true}', contextCustomizers = set[org.springframework.boot.test.context.filter.ExcludeFilterContextCustomizer@f58853c, org.springframework.boot.test.json.DuplicateJsonObjectContextCustomizerFactory$DuplicateJsonObjectContextCustomizer@700fb871, org.springframework.boot.test.mock.mockito.MockitoContextCustomizer@0, org.springframework.boot.test.web.client.TestRestTemplateContextCustomizer@3bcd05cb, org.springframework.boot.test.web.reactive.server.WebTestClientContextCustomizer@769a1df5, org.springframework.boot.test.autoconfigure.properties.PropertyMappingContextCustomizer@0, org.springframework.boot.test.autoconfigure.web.servlet.WebDriverContextCustomizerFactory$Customizer@54e041a4, org.springframework.test.context.web.socket.MockServerContainerContextCustomizer@48d61b48], resourceBasePath = 'src/main/webapp', contextLoader = 'org.springframework.boot.test.context.SpringBootContextLoader', parent = [null]], attributes = map['org.springframework.test.context.web.ServletTestExecutionListener.activateListener' -> true]], class annotated with @DirtiesContext [false] with mode [null].
11:58:56.802 [main] DEBUG org.springframework.test.annotation.ProfileValueUtils - Retrieved @ProfileValueSourceConfiguration [null] for test class [weatherServiceAPI.WeatherControllerTest]
11:58:56.814 [main] DEBUG org.springframework.test.annotation.ProfileValueUtils - Retrieved ProfileValueSource type [class org.springframework.test.annotation.SystemProfileValueSource] for class [weatherServiceAPI.WeatherControllerTest]
11:58:57.122 [main] DEBUG org.springframework.test.context.support.TestPropertySourceUtils - Adding inlined properties to environment: {spring.jmx.enabled=false, org.springframework.boot.test.context.SpringBootTestContextBootstrapper=true, server.port=-1}

  .   ____          _            __ _ _
 /\\ / ___'_ __ _ _(_)_ __  __ _ \ \ \ \
( ( )\___ | '_ | '_| | '_ \/ _` | \ \ \ \
 \\/  ___)| |_)| | | | | || (_| |  ) ) ) )
  '  |____| .__|_| |_|_| |_\__, | / / / /
 =========|_|==============|___/=/_/_/_/
 :: Spring Boot ::        (v2.2.1.RELEASE)

2019-12-30 11:58:58.305  WARN 796 --- [           main] ory$DuplicateJsonObjectContextCustomizer : 

Found multiple occurrences of org.json.JSONObject on the class path:

	jar:file:/C:/Users/vocsi/.m2/repository/org/json/json/20180813/json-20180813.jar!/org/json/JSONObject.class
	jar:file:/C:/Users/vocsi/.m2/repository/com/vaadin/external/google/android-json/0.0.20131108.vaadin1/android-json-0.0.20131108.vaadin1.jar!/org/json/JSONObject.class

You may wish to exclude one of them to ensure predictable runtime behavior

2019-12-30 11:58:58.477  INFO 796 --- [           main] weatherServiceAPI.WeatherControllerTest  : Starting WeatherControllerTest on DESKTOP-3NBMRAC with PID 796 (started by vocsi in C:\Users\vocsi\eclipse-workspace\interview\weatherServiceAPI)
2019-12-30 11:58:58.479  INFO 796 --- [           main] weatherServiceAPI.WeatherControllerTest  : No active profile set, falling back to default profiles: default
2019-12-30 11:59:02.680  INFO 796 --- [           main] f.a.AutowiredAnnotationBeanPostProcessor : Autowired annotation should only be used on methods with parameters: public com.fasterxml.jackson.databind.ObjectMapper com.coding.weatherServiceAPI.config.RestConfig.objectMapper()
2019-12-30 11:59:05.827  INFO 796 --- [           main] o.s.s.concurrent.ThreadPoolTaskExecutor  : Initializing ExecutorService 'applicationTaskExecutor'
2019-12-30 11:59:06.039  INFO 796 --- [           main] o.s.b.a.w.s.WelcomePageHandlerMapping    : Adding welcome page: class path resource [static/index.html]
2019-12-30 11:59:06.943  INFO 796 --- [           main] org.quartz.impl.StdSchedulerFactory      : Using default implementation for ThreadExecutor
2019-12-30 11:59:07.076  INFO 796 --- [           main] org.quartz.core.SchedulerSignalerImpl    : Initialized Scheduler Signaller of type: class org.quartz.core.SchedulerSignalerImpl
2019-12-30 11:59:07.076  INFO 796 --- [           main] org.quartz.core.QuartzScheduler          : Quartz Scheduler v.2.3.2 created.
2019-12-30 11:59:07.078  INFO 796 --- [           main] org.quartz.simpl.RAMJobStore             : RAMJobStore initialized.
2019-12-30 11:59:07.079  INFO 796 --- [           main] org.quartz.core.QuartzScheduler          : Scheduler meta-data: Quartz Scheduler (v2.3.2) 'quartzScheduler' with instanceId 'NON_CLUSTERED'
  Scheduler class: 'org.quartz.core.QuartzScheduler' - running locally.
  NOT STARTED.
  Currently in standby mode.
  Number of jobs executed: 0
  Using thread pool 'org.quartz.simpl.SimpleThreadPool' - with 10 threads.
  Using job-store 'org.quartz.simpl.RAMJobStore' - which does not support persistence. and is not clustered.

2019-12-30 11:59:07.079  INFO 796 --- [           main] org.quartz.impl.StdSchedulerFactory      : Quartz scheduler 'quartzScheduler' initialized from an externally provided properties instance.
2019-12-30 11:59:07.079  INFO 796 --- [           main] org.quartz.impl.StdSchedulerFactory      : Quartz scheduler version: 2.3.2
2019-12-30 11:59:07.080  INFO 796 --- [           main] org.quartz.core.QuartzScheduler          : JobFactory set to: org.springframework.scheduling.quartz.SpringBeanJobFactory@5635bcd2
2019-12-30 11:59:08.410  INFO 796 --- [           main] o.s.s.quartz.SchedulerFactoryBean        : Starting Quartz Scheduler now
2019-12-30 11:59:08.418  INFO 796 --- [           main] org.quartz.core.QuartzScheduler          : Scheduler quartzScheduler_$_NON_CLUSTERED started.
2019-12-30 11:59:08.450  INFO 796 --- [           main] d.s.w.p.DocumentationPluginsBootstrapper : Context refreshed
2019-12-30 11:59:08.674  INFO 796 --- [           main] d.s.w.p.DocumentationPluginsBootstrapper : Found 1 custom documentation plugin(s)
2019-12-30 11:59:08.709  INFO 796 --- [           main] s.d.s.w.s.ApiListingReferenceScanner     : Scanning for api listing references
2019-12-30 11:59:09.306  INFO 796 --- [           main] .d.s.w.r.o.CachingOperationNameGenerator : Generating unique operation named: getWeather_1
2019-12-30 11:59:09.358  INFO 796 --- [           main] weatherServiceAPI.WeatherControllerTest  : Started WeatherControllerTest in 12.159 seconds (JVM running for 16.49)
2019-12-30 11:59:10.724  INFO 796 --- [           main] o.s.b.t.m.w.SpringBootMockServletContext : Initializing Spring TestDispatcherServlet ''
2019-12-30 11:59:10.724  INFO 796 --- [           main] o.s.t.web.servlet.TestDispatcherServlet  : Initializing Servlet ''
2019-12-30 11:59:10.746  INFO 796 --- [           main] o.s.t.web.servlet.TestDispatcherServlet  : Completed initialization in 22 ms
]]></system-out>
  </testcase>
  <testcase name="weather" classname="weatherServiceAPI.WeatherControllerTest" time="0.143">
    <failure message="expected:&lt;201&gt; but was:&lt;404&gt;" type="java.lang.AssertionError"><![CDATA[java.lang.AssertionError: expected:<201> but was:<404>
	at weatherServiceAPI.WeatherControllerTest.weather(WeatherControllerTest.java:56)
]]></failure>
    <system-out><![CDATA[2019-12-30 11:59:10.868  INFO 796 --- [           main] o.s.b.t.m.w.SpringBootMockServletContext : Initializing Spring TestDispatcherServlet ''
2019-12-30 11:59:10.868  INFO 796 --- [           main] o.s.t.web.servlet.TestDispatcherServlet  : Initializing Servlet ''
2019-12-30 11:59:10.875  INFO 796 --- [           main] o.s.t.web.servlet.TestDispatcherServlet  : Completed initialization in 7 ms
]]></system-out>
  </testcase>
</testsuite>