<?xml version="1.0" encoding="UTF-8"?>
<testsuite xmlns:xsi="http://www.w3.org/2001/XMLSchema-instance" xsi:noNamespaceSchemaLocation="https://maven.apache.org/surefire/maven-surefire-plugin/xsd/surefire-test-report.xsd" name="weatherServiceAPI.WeatherMockTests" time="0.275" tests="1" errors="1" skipped="0" failures="0">
  <properties>
[...]
</properties>
  <testcase name="weatherServiceAPI.WeatherMockTests" classname="weatherServiceAPI.WeatherMockTests" time="0.273">
    <error message="Unable to find a @SpringBootConfiguration, you need to use @ContextConfiguration or @SpringBootTest(classes=...) with your test" type="java.lang.IllegalStateException">java.lang.IllegalStateException: Unable to find a @SpringBootConfiguration, you need to use @ContextConfiguration or @SpringBootTest(classes=...) with your test
</error>
    <system-out><![CDATA[11:58:54.784 [main] DEBUG org.springframework.test.context.junit4.SpringJUnit4ClassRunner - SpringJUnit4ClassRunner constructor called with [class weatherServiceAPI.ApplicationTest]
11:58:54.794 [main] DEBUG org.springframework.test.context.BootstrapUtils - Instantiating CacheAwareContextLoaderDelegate from class [org.springframework.test.context.cache.DefaultCacheAwareContextLoaderDelegate]
11:58:54.816 [main] DEBUG org.springframework.test.context.BootstrapUtils - Instantiating BootstrapContext using constructor [public org.springframework.test.context.support.DefaultBootstrapContext(java.lang.Class,org.springframework.test.context.CacheAwareContextLoaderDelegate)]
11:58:54.949 [main] DEBUG org.springframework.test.context.BootstrapUtils - Instantiating TestContextBootstrapper for test class [weatherServiceAPI.ApplicationTest] from class [org.springframework.boot.test.context.SpringBootTestContextBootstrapper]
11:58:54.998 [main] INFO org.springframework.boot.test.context.SpringBootTestContextBootstrapper - Neither @ContextConfiguration nor @ContextHierarchy found for test class [weatherServiceAPI.ApplicationTest], using SpringBootContextLoader
11:58:55.015 [main] DEBUG org.springframework.test.context.support.AbstractContextLoader - Did not detect default resource location for test class [weatherServiceAPI.ApplicationTest]: class path resource [weatherServiceAPI/ApplicationTest-context.xml] does not exist
11:58:55.048 [main] DEBUG org.springframework.test.context.support.AbstractContextLoader - Did not detect default resource location for test class [weatherServiceAPI.ApplicationTest]: class path resource [weatherServiceAPI/ApplicationTestContext.groovy] does not exist
11:58:55.048 [main] INFO org.springframework.test.context.support.AbstractContextLoader - Could not detect default resource locations for test class [weatherServiceAPI.ApplicationTest]: no resource found for suffixes {-context.xml, Context.groovy}.
11:58:55.051 [main] INFO org.springframework.test.context.support.AnnotationConfigContextLoaderUtils - Could not detect default configuration classes for test class [weatherServiceAPI.ApplicationTest]: ApplicationTest does not declare any static, non-private, non-final, nested classes annotated with @Configuration.
11:58:55.170 [main] DEBUG org.springframework.test.context.support.ActiveProfilesUtils - Could not find an 'annotation declaring class' for annotation type [org.springframework.test.context.ActiveProfiles] and class [weatherServiceAPI.ApplicationTest]
11:58:55.386 [main] DEBUG org.springframework.test.context.junit4.SpringJUnit4ClassRunner - SpringJUnit4ClassRunner constructor called with [class weatherServiceAPI.WeatherControllerTest]
11:58:55.386 [main] DEBUG org.springframework.test.context.BootstrapUtils - Instantiating CacheAwareContextLoaderDelegate from class [org.springframework.test.context.cache.DefaultCacheAwareContextLoaderDelegate]
11:58:55.387 [main] DEBUG org.springframework.test.context.BootstrapUtils - Instantiating BootstrapContext using constructor [public org.springframework.test.context.support.DefaultBootstrapContext(java.lang.Class,org.springframework.test.context.CacheAwareContextLoaderDelegate)]
11:58:55.389 [main] DEBUG org.springframework.test.context.BootstrapUtils - Instantiating TestContextBootstrapper for test class [weatherServiceAPI.WeatherControllerTest] from class [org.springframework.boot.test.context.SpringBootTestContextBootstrapper]
11:58:55.391 [main] INFO org.springframework.boot.test.context.SpringBootTestContextBootstrapper - Neither @ContextConfiguration nor @ContextHierarchy found for test class [weatherServiceAPI.WeatherControllerTest], using SpringBootContextLoader
11:58:55.393 [main] DEBUG org.springframework.test.context.support.AbstractContextLoader - Did not detect default resource location for test class [weatherServiceAPI.WeatherControllerTest]: class path resource [weatherServiceAPI/WeatherControllerTest-context.xml] does not exist
11:58:55.394 [main] DEBUG org.springframework.test.context.support.AbstractContextLoader - Did not detect default resource location for test class [weatherServiceAPI.WeatherControllerTest]: class path resource [weatherServiceAPI/WeatherControllerTestContext.groovy] does not exist
11:58:55.398 [main] INFO org.springframework.test.context.support.AbstractContextLoader - Could not detect default resource locations for test class [weatherServiceAPI.WeatherControllerTest]: no resource found for suffixes {-context.xml, Context.groovy}.
11:58:55.406 [main] DEBUG org.springframework.test.context.support.ActiveProfilesUtils - Could not find an 'annotation declaring class' for annotation type [org.springframework.test.context.ActiveProfiles] and class [weatherServiceAPI.WeatherControllerTest]
11:58:55.825 [main] DEBUG org.springframework.boot.test.context.SpringBootTestContextBootstrapper - @TestExecutionListeners is not present for class [weatherServiceAPI.WeatherControllerTest]: using defaults.
11:58:55.827 [main] INFO org.springframework.boot.test.context.SpringBootTestContextBootstrapper - Loaded default TestExecutionListener class names from location [META-INF/spring.factories]: [org.springframework.boot.test.mock.mockito.MockitoTestExecutionListener, org.springframework.boot.test.mock.mockito.ResetMocksTestExecutionListener, org.springframework.boot.test.autoconfigure.restdocs.RestDocsTestExecutionListener, org.springframework.boot.test.autoconfigure.web.client.MockRestServiceServerResetTestExecutionListener, org.springframework.boot.test.autoconfigure.web.servlet.MockMvcPrintOnlyOnFailureTestExecutionListener, org.springframework.boot.test.autoconfigure.web.servlet.WebDriverTestExecutionListener, org.springframework.test.context.web.ServletTestExecutionListener, org.springframework.test.context.support.DirtiesContextBeforeModesTestExecutionListener, org.springframework.test.context.support.DependencyInjectionTestExecutionListener, org.springframework.test.context.support.DirtiesContextTestExecutionListener, org.springframework.test.context.transaction.TransactionalTestExecutionListener, org.springframework.test.context.jdbc.SqlScriptsTestExecutionListener, org.springframework.test.context.event.EventPublishingTestExecutionListener]
11:58:55.884 [main] INFO org.springframework.boot.test.context.SpringBootTestContextBootstrapper - Using TestExecutionListeners: [org.springframework.test.context.web.ServletTestExecutionListener@7e7b159b, org.springframework.test.context.support.DirtiesContextBeforeModesTestExecutionListener@7e5d9a50, org.springframework.boot.test.mock.mockito.MockitoTestExecutionListener@60957c0f, org.springframework.boot.test.autoconfigure.SpringBootDependencyInjectionTestExecutionListener@293a5f75, org.springframework.test.context.support.DirtiesContextTestExecutionListener@fcb4004, org.springframework.test.context.transaction.TransactionalTestExecutionListener@1dd6d4b7, org.springframework.test.context.jdbc.SqlScriptsTestExecutionListener@56e8b606, org.springframework.test.context.event.EventPublishingTestExecutionListener@2dd29a59, org.springframework.boot.test.mock.mockito.ResetMocksTestExecutionListener@784c3487, org.springframework.boot.test.autoconfigure.restdocs.RestDocsTestExecutionListener@53142455, org.springframework.boot.test.autoconfigure.web.client.MockRestServiceServerResetTestExecutionListener@40dff0b7, org.springframework.boot.test.autoconfigure.web.servlet.MockMvcPrintOnlyOnFailureTestExecutionListener@7966baa7, org.springframework.boot.test.autoconfigure.web.servlet.WebDriverTestExecutionListener@60975100]
11:58:55.889 [main] DEBUG org.springframework.test.annotation.ProfileValueUtils - Retrieved @ProfileValueSourceConfiguration [null] for test class [weatherServiceAPI.WeatherControllerTest]
11:58:55.891 [main] DEBUG org.springframework.test.annotation.ProfileValueUtils - Retrieved ProfileValueSource type [class org.springframework.test.annotation.SystemProfileValueSource] for class [weatherServiceAPI.WeatherControllerTest]
11:58:55.918 [main] DEBUG org.springframework.test.context.junit4.SpringJUnit4ClassRunner - SpringJUnit4ClassRunner constructor called with [class weatherServiceAPI.WeatherJUnitTests]
11:58:55.918 [main] DEBUG org.springframework.test.context.BootstrapUtils - Instantiating CacheAwareContextLoaderDelegate from class [org.springframework.test.context.cache.DefaultCacheAwareContextLoaderDelegate]
11:58:55.919 [main] DEBUG org.springframework.test.context.BootstrapUtils - Instantiating BootstrapContext using constructor [public org.springframework.test.context.support.DefaultBootstrapContext(java.lang.Class,org.springframework.test.context.CacheAwareContextLoaderDelegate)]
11:58:55.920 [main] DEBUG org.springframework.test.context.BootstrapUtils - Instantiating TestContextBootstrapper for test class [weatherServiceAPI.WeatherJUnitTests] from class [org.springframework.boot.test.context.SpringBootTestContextBootstrapper]
11:58:55.921 [main] INFO org.springframework.boot.test.context.SpringBootTestContextBootstrapper - Neither @ContextConfiguration nor @ContextHierarchy found for test class [weatherServiceAPI.WeatherJUnitTests], using SpringBootContextLoader
11:58:55.923 [main] DEBUG org.springframework.test.context.support.AbstractContextLoader - Did not detect default resource location for test class [weatherServiceAPI.WeatherJUnitTests]: class path resource [weatherServiceAPI/WeatherJUnitTests-context.xml] does not exist
11:58:55.924 [main] DEBUG org.springframework.test.context.support.AbstractContextLoader - Did not detect default resource location for test class [weatherServiceAPI.WeatherJUnitTests]: class path resource [weatherServiceAPI/WeatherJUnitTestsContext.groovy] does not exist
11:58:55.924 [main] INFO org.springframework.test.context.support.AbstractContextLoader - Could not detect default resource locations for test class [weatherServiceAPI.WeatherJUnitTests]: no resource found for suffixes {-context.xml, Context.groovy}.
11:58:55.925 [main] INFO org.springframework.test.context.support.AnnotationConfigContextLoaderUtils - Could not detect default configuration classes for test class [weatherServiceAPI.WeatherJUnitTests]: WeatherJUnitTests does not declare any static, non-private, non-final, nested classes annotated with @Configuration.
11:58:55.928 [main] DEBUG org.springframework.test.context.support.ActiveProfilesUtils - Could not find an 'annotation declaring class' for annotation type [org.springframework.test.context.ActiveProfiles] and class [weatherServiceAPI.WeatherJUnitTests]
11:58:56.059 [main] DEBUG org.springframework.test.context.junit4.SpringJUnit4ClassRunner - SpringJUnit4ClassRunner constructor called with [class weatherServiceAPI.WeatherTest]
11:58:56.061 [main] DEBUG org.springframework.test.context.BootstrapUtils - Instantiating CacheAwareContextLoaderDelegate from class [org.springframework.test.context.cache.DefaultCacheAwareContextLoaderDelegate]
11:58:56.064 [main] DEBUG org.springframework.test.context.BootstrapUtils - Instantiating BootstrapContext using constructor [public org.springframework.test.context.support.DefaultBootstrapContext(java.lang.Class,org.springframework.test.context.CacheAwareContextLoaderDelegate)]
11:58:56.069 [main] DEBUG org.springframework.test.context.BootstrapUtils - Instantiating TestContextBootstrapper for test class [weatherServiceAPI.WeatherTest] from class [org.springframework.boot.test.context.SpringBootTestContextBootstrapper]
11:58:56.077 [main] INFO org.springframework.boot.test.context.SpringBootTestContextBootstrapper - Neither @ContextConfiguration nor @ContextHierarchy found for test class [weatherServiceAPI.WeatherTest], using SpringBootContextLoader
11:58:56.078 [main] DEBUG org.springframework.test.context.support.AbstractContextLoader - Did not detect default resource location for test class [weatherServiceAPI.WeatherTest]: class path resource [weatherServiceAPI/WeatherTest-context.xml] does not exist
11:58:56.081 [main] DEBUG org.springframework.test.context.support.AbstractContextLoader - Did not detect default resource location for test class [weatherServiceAPI.WeatherTest]: class path resource [weatherServiceAPI/WeatherTestContext.groovy] does not exist
11:58:56.082 [main] INFO org.springframework.test.context.support.AbstractContextLoader - Could not detect default resource locations for test class [weatherServiceAPI.WeatherTest]: no resource found for suffixes {-context.xml, Context.groovy}.
11:58:56.082 [main] INFO org.springframework.test.context.support.AnnotationConfigContextLoaderUtils - Could not detect default configuration classes for test class [weatherServiceAPI.WeatherTest]: WeatherTest does not declare any static, non-private, non-final, nested classes annotated with @Configuration.
11:58:56.087 [main] DEBUG org.springframework.test.context.support.ActiveProfilesUtils - Could not find an 'annotation declaring class' for annotation type [org.springframework.test.context.ActiveProfiles] and class [weatherServiceAPI.WeatherTest]
11:58:56.110 [main] DEBUG org.springframework.test.context.junit4.SpringJUnit4ClassRunner - SpringJUnit4ClassRunner constructor called with [class weatherServiceAPI.ApplicationTest]
11:58:56.111 [main] DEBUG org.springframework.test.context.BootstrapUtils - Instantiating CacheAwareContextLoaderDelegate from class [org.springframework.test.context.cache.DefaultCacheAwareContextLoaderDelegate]
11:58:56.114 [main] DEBUG org.springframework.test.context.BootstrapUtils - Instantiating BootstrapContext using constructor [public org.springframework.test.context.support.DefaultBootstrapContext(java.lang.Class,org.springframework.test.context.CacheAwareContextLoaderDelegate)]
11:58:56.116 [main] DEBUG org.springframework.test.context.BootstrapUtils - Instantiating TestContextBootstrapper for test class [weatherServiceAPI.ApplicationTest] from class [org.springframework.boot.test.context.SpringBootTestContextBootstrapper]
11:58:56.120 [main] INFO org.springframework.boot.test.context.SpringBootTestContextBootstrapper - Neither @ContextConfiguration nor @ContextHierarchy found for test class [weatherServiceAPI.ApplicationTest], using SpringBootContextLoader
11:58:56.121 [main] DEBUG org.springframework.test.context.support.AbstractContextLoader - Did not detect default resource location for test class [weatherServiceAPI.ApplicationTest]: class path resource [weatherServiceAPI/ApplicationTest-context.xml] does not exist
11:58:56.122 [main] DEBUG org.springframework.test.context.support.AbstractContextLoader - Did not detect default resource location for test class [weatherServiceAPI.ApplicationTest]: class path resource [weatherServiceAPI/ApplicationTestContext.groovy] does not exist
11:58:56.122 [main] INFO org.springframework.test.context.support.AbstractContextLoader - Could not detect default resource locations for test class [weatherServiceAPI.ApplicationTest]: no resource found for suffixes {-context.xml, Context.groovy}.
11:58:56.123 [main] INFO org.springframework.test.context.support.AnnotationConfigContextLoaderUtils - Could not detect default configuration classes for test class [weatherServiceAPI.ApplicationTest]: ApplicationTest does not declare any static, non-private, non-final, nested classes annotated with @Configuration.
11:58:56.125 [main] DEBUG org.springframework.test.context.support.ActiveProfilesUtils - Could not find an 'annotation declaring class' for annotation type [org.springframework.test.context.ActiveProfiles] and class [weatherServiceAPI.ApplicationTest]
11:58:56.139 [main] DEBUG org.springframework.test.context.junit4.SpringJUnit4ClassRunner - SpringJUnit4ClassRunner constructor called with [class weatherServiceAPI.WeatherControllerTest]
11:58:56.140 [main] DEBUG org.springframework.test.context.BootstrapUtils - Instantiating CacheAwareContextLoaderDelegate from class [org.springframework.test.context.cache.DefaultCacheAwareContextLoaderDelegate]
11:58:56.140 [main] DEBUG org.springframework.test.context.BootstrapUtils - Instantiating BootstrapContext using constructor [public org.springframework.test.context.support.DefaultBootstrapContext(java.lang.Class,org.springframework.test.context.CacheAwareContextLoaderDelegate)]
11:58:56.141 [main] DEBUG org.springframework.test.context.BootstrapUtils - Instantiating TestContextBootstrapper for test class [weatherServiceAPI.WeatherControllerTest] from class [org.springframework.boot.test.context.SpringBootTestContextBootstrapper]
11:58:56.143 [main] INFO org.springframework.boot.test.context.SpringBootTestContextBootstrapper - Neither @ContextConfiguration nor @ContextHierarchy found for test class [weatherServiceAPI.WeatherControllerTest], using SpringBootContextLoader
11:58:56.144 [main] DEBUG org.springframework.test.context.support.AbstractContextLoader - Did not detect default resource location for test class [weatherServiceAPI.WeatherControllerTest]: class path resource [weatherServiceAPI/WeatherControllerTest-context.xml] does not exist
11:58:56.145 [main] DEBUG org.springframework.test.context.support.AbstractContextLoader - Did not detect default resource location for test class [weatherServiceAPI.WeatherControllerTest]: class path resource [weatherServiceAPI/WeatherControllerTestContext.groovy] does not exist
11:58:56.145 [main] INFO org.springframework.test.context.support.AbstractContextLoader - Could not detect default resource locations for test class [weatherServiceAPI.WeatherControllerTest]: no resource found for suffixes {-context.xml, Context.groovy}.
11:58:56.148 [main] DEBUG org.springframework.test.context.support.ActiveProfilesUtils - Could not find an 'annotation declaring class' for annotation type [org.springframework.test.context.ActiveProfiles] and class [weatherServiceAPI.WeatherControllerTest]
11:58:56.151 [main] DEBUG org.springframework.boot.test.context.SpringBootTestContextBootstrapper - @TestExecutionListeners is not present for class [weatherServiceAPI.WeatherControllerTest]: using defaults.
11:58:56.152 [main] INFO org.springframework.boot.test.context.SpringBootTestContextBootstrapper - Loaded default TestExecutionListener class names from location [META-INF/spring.factories]: [org.springframework.boot.test.mock.mockito.MockitoTestExecutionListener, org.springframework.boot.test.mock.mockito.ResetMocksTestExecutionListener, org.springframework.boot.test.autoconfigure.restdocs.RestDocsTestExecutionListener, org.springframework.boot.test.autoconfigure.web.client.MockRestServiceServerResetTestExecutionListener, org.springframework.boot.test.autoconfigure.web.servlet.MockMvcPrintOnlyOnFailureTestExecutionListener, org.springframework.boot.test.autoconfigure.web.servlet.WebDriverTestExecutionListener, org.springframework.test.context.web.ServletTestExecutionListener, org.springframework.test.context.support.DirtiesContextBeforeModesTestExecutionListener, org.springframework.test.context.support.DependencyInjectionTestExecutionListener, org.springframework.test.context.support.DirtiesContextTestExecutionListener, org.springframework.test.context.transaction.TransactionalTestExecutionListener, org.springframework.test.context.jdbc.SqlScriptsTestExecutionListener, org.springframework.test.context.event.EventPublishingTestExecutionListener]
11:58:56.152 [main] INFO org.springframework.boot.test.context.SpringBootTestContextBootstrapper - Using TestExecutionListeners: [org.springframework.test.context.web.ServletTestExecutionListener@c1bd0be, org.springframework.test.context.support.DirtiesContextBeforeModesTestExecutionListener@476b0ae6, org.springframework.boot.test.mock.mockito.MockitoTestExecutionListener@1c6804cd, org.springframework.boot.test.autoconfigure.SpringBootDependencyInjectionTestExecutionListener@655f7ea, org.springframework.test.context.support.DirtiesContextTestExecutionListener@549949be, org.springframework.test.context.transaction.TransactionalTestExecutionListener@4b3a45f1, org.springframework.test.context.jdbc.SqlScriptsTestExecutionListener@17a87e37, org.springframework.test.context.event.EventPublishingTestExecutionListener@3eeb318f, org.springframework.boot.test.mock.mockito.ResetMocksTestExecutionListener@20a14b55, org.springframework.boot.test.autoconfigure.restdocs.RestDocsTestExecutionListener@39ad977d, org.springframework.boot.test.autoconfigure.web.client.MockRestServiceServerResetTestExecutionListener@6da00fb9, org.springframework.boot.test.autoconfigure.web.servlet.MockMvcPrintOnlyOnFailureTestExecutionListener@a202ccb, org.springframework.boot.test.autoconfigure.web.servlet.WebDriverTestExecutionListener@20f12539]
11:58:56.153 [main] DEBUG org.springframework.test.annotation.ProfileValueUtils - Retrieved @ProfileValueSourceConfiguration [null] for test class [weatherServiceAPI.WeatherControllerTest]
11:58:56.153 [main] DEBUG org.springframework.test.annotation.ProfileValueUtils - Retrieved ProfileValueSource type [class org.springframework.test.annotation.SystemProfileValueSource] for class [weatherServiceAPI.WeatherControllerTest]
11:58:56.155 [main] DEBUG org.springframework.test.context.junit4.SpringJUnit4ClassRunner - SpringJUnit4ClassRunner constructor called with [class weatherServiceAPI.WeatherJUnitTests]
11:58:56.155 [main] DEBUG org.springframework.test.context.BootstrapUtils - Instantiating CacheAwareContextLoaderDelegate from class [org.springframework.test.context.cache.DefaultCacheAwareContextLoaderDelegate]
11:58:56.156 [main] DEBUG org.springframework.test.context.BootstrapUtils - Instantiating BootstrapContext using constructor [public org.springframework.test.context.support.DefaultBootstrapContext(java.lang.Class,org.springframework.test.context.CacheAwareContextLoaderDelegate)]
11:58:56.179 [main] DEBUG org.springframework.test.context.BootstrapUtils - Instantiating TestContextBootstrapper for test class [weatherServiceAPI.WeatherJUnitTests] from class [org.springframework.boot.test.context.SpringBootTestContextBootstrapper]
11:58:56.180 [main] INFO org.springframework.boot.test.context.SpringBootTestContextBootstrapper - Neither @ContextConfiguration nor @ContextHierarchy found for test class [weatherServiceAPI.WeatherJUnitTests], using SpringBootContextLoader
11:58:56.182 [main] DEBUG org.springframework.test.context.support.AbstractContextLoader - Did not detect default resource location for test class [weatherServiceAPI.WeatherJUnitTests]: class path resource [weatherServiceAPI/WeatherJUnitTests-context.xml] does not exist
11:58:56.187 [main] DEBUG org.springframework.test.context.support.AbstractContextLoader - Did not detect default resource location for test class [weatherServiceAPI.WeatherJUnitTests]: class path resource [weatherServiceAPI/WeatherJUnitTestsContext.groovy] does not exist
11:58:56.190 [main] INFO org.springframework.test.context.support.AbstractContextLoader - Could not detect default resource locations for test class [weatherServiceAPI.WeatherJUnitTests]: no resource found for suffixes {-context.xml, Context.groovy}.
11:58:56.196 [main] INFO org.springframework.test.context.support.AnnotationConfigContextLoaderUtils - Could not detect default configuration classes for test class [weatherServiceAPI.WeatherJUnitTests]: WeatherJUnitTests does not declare any static, non-private, non-final, nested classes annotated with @Configuration.
11:58:56.204 [main] DEBUG org.springframework.test.context.support.ActiveProfilesUtils - Could not find an 'annotation declaring class' for annotation type [org.springframework.test.context.ActiveProfiles] and class [weatherServiceAPI.WeatherJUnitTests]
11:58:56.222 [main] DEBUG org.springframework.test.context.junit4.SpringJUnit4ClassRunner - SpringJUnit4ClassRunner constructor called with [class weatherServiceAPI.WeatherTest]
11:58:56.222 [main] DEBUG org.springframework.test.context.BootstrapUtils - Instantiating CacheAwareContextLoaderDelegate from class [org.springframework.test.context.cache.DefaultCacheAwareContextLoaderDelegate]
11:58:56.224 [main] DEBUG org.springframework.test.context.BootstrapUtils - Instantiating BootstrapContext using constructor [public org.springframework.test.context.support.DefaultBootstrapContext(java.lang.Class,org.springframework.test.context.CacheAwareContextLoaderDelegate)]
11:58:56.225 [main] DEBUG org.springframework.test.context.BootstrapUtils - Instantiating TestContextBootstrapper for test class [weatherServiceAPI.WeatherTest] from class [org.springframework.boot.test.context.SpringBootTestContextBootstrapper]
11:58:56.228 [main] INFO org.springframework.boot.test.context.SpringBootTestContextBootstrapper - Neither @ContextConfiguration nor @ContextHierarchy found for test class [weatherServiceAPI.WeatherTest], using SpringBootContextLoader
11:58:56.229 [main] DEBUG org.springframework.test.context.support.AbstractContextLoader - Did not detect default resource location for test class [weatherServiceAPI.WeatherTest]: class path resource [weatherServiceAPI/WeatherTest-context.xml] does not exist
11:58:56.230 [main] DEBUG org.springframework.test.context.support.AbstractContextLoader - Did not detect default resource location for test class [weatherServiceAPI.WeatherTest]: class path resource [weatherServiceAPI/WeatherTestContext.groovy] does not exist
11:58:56.230 [main] INFO org.springframework.test.context.support.AbstractContextLoader - Could not detect default resource locations for test class [weatherServiceAPI.WeatherTest]: no resource found for suffixes {-context.xml, Context.groovy}.
11:58:56.230 [main] INFO org.springframework.test.context.support.AnnotationConfigContextLoaderUtils - Could not detect default configuration classes for test class [weatherServiceAPI.WeatherTest]: WeatherTest does not declare any static, non-private, non-final, nested classes annotated with @Configuration.
11:58:56.232 [main] DEBUG org.springframework.test.context.support.ActiveProfilesUtils - Could not find an 'annotation declaring class' for annotation type [org.springframework.test.context.ActiveProfiles] and class [weatherServiceAPI.WeatherTest]
11:58:56.393 [main] DEBUG org.springframework.test.context.BootstrapUtils - Instantiating CacheAwareContextLoaderDelegate from class [org.springframework.test.context.cache.DefaultCacheAwareContextLoaderDelegate]
11:58:56.393 [main] DEBUG org.springframework.test.context.BootstrapUtils - Instantiating BootstrapContext using constructor [public org.springframework.test.context.support.DefaultBootstrapContext(java.lang.Class,org.springframework.test.context.CacheAwareContextLoaderDelegate)]
11:58:56.394 [main] DEBUG org.springframework.test.context.BootstrapUtils - Instantiating TestContextBootstrapper for test class [weatherServiceAPI.WeatherMockTests] from class [org.springframework.boot.test.context.SpringBootTestContextBootstrapper]
11:58:56.409 [main] INFO org.springframework.boot.test.context.SpringBootTestContextBootstrapper - Neither @ContextConfiguration nor @ContextHierarchy found for test class [weatherServiceAPI.WeatherMockTests], using SpringBootContextLoader
11:58:56.412 [main] DEBUG org.springframework.test.context.support.AbstractContextLoader - Did not detect default resource location for test class [weatherServiceAPI.WeatherMockTests]: class path resource [weatherServiceAPI/WeatherMockTests-context.xml] does not exist
11:58:56.414 [main] DEBUG org.springframework.test.context.support.AbstractContextLoader - Did not detect default resource location for test class [weatherServiceAPI.WeatherMockTests]: class path resource [weatherServiceAPI/WeatherMockTestsContext.groovy] does not exist
11:58:56.415 [main] INFO org.springframework.test.context.support.AbstractContextLoader - Could not detect default resource locations for test class [weatherServiceAPI.WeatherMockTests]: no resource found for suffixes {-context.xml, Context.groovy}.
11:58:56.417 [main] INFO org.springframework.test.context.support.AnnotationConfigContextLoaderUtils - Could not detect default configuration classes for test class [weatherServiceAPI.WeatherMockTests]: WeatherMockTests does not declare any static, non-private, non-final, nested classes annotated with @Configuration.
11:58:56.481 [main] DEBUG org.springframework.test.context.support.ActiveProfilesUtils - Could not find an 'annotation declaring class' for annotation type [org.springframework.test.context.ActiveProfiles] and class [weatherServiceAPI.WeatherMockTests]
11:58:56.522 [main] DEBUG org.springframework.test.context.BootstrapUtils - Instantiating CacheAwareContextLoaderDelegate from class [org.springframework.test.context.cache.DefaultCacheAwareContextLoaderDelegate]
11:58:56.522 [main] DEBUG org.springframework.test.context.BootstrapUtils - Instantiating BootstrapContext using constructor [public org.springframework.test.context.support.DefaultBootstrapContext(java.lang.Class,org.springframework.test.context.CacheAwareContextLoaderDelegate)]
11:58:56.529 [main] DEBUG org.springframework.test.context.BootstrapUtils - Instantiating TestContextBootstrapper for test class [weatherServiceAPI.WeatherMockTests] from class [org.springframework.boot.test.context.SpringBootTestContextBootstrapper]
11:58:56.532 [main] INFO org.springframework.boot.test.context.SpringBootTestContextBootstrapper - Neither @ContextConfiguration nor @ContextHierarchy found for test class [weatherServiceAPI.WeatherMockTests], using SpringBootContextLoader
11:58:56.539 [main] DEBUG org.springframework.test.context.support.AbstractContextLoader - Did not detect default resource location for test class [weatherServiceAPI.WeatherMockTests]: class path resource [weatherServiceAPI/WeatherMockTests-context.xml] does not exist
11:58:56.543 [main] DEBUG org.springframework.test.context.support.AbstractContextLoader - Did not detect default resource location for test class [weatherServiceAPI.WeatherMockTests]: class path resource [weatherServiceAPI/WeatherMockTestsContext.groovy] does not exist
11:58:56.543 [main] INFO org.springframework.test.context.support.AbstractContextLoader - Could not detect default resource locations for test class [weatherServiceAPI.WeatherMockTests]: no resource found for suffixes {-context.xml, Context.groovy}.
11:58:56.544 [main] INFO org.springframework.test.context.support.AnnotationConfigContextLoaderUtils - Could not detect default configuration classes for test class [weatherServiceAPI.WeatherMockTests]: WeatherMockTests does not declare any static, non-private, non-final, nested classes annotated with @Configuration.
11:58:56.556 [main] DEBUG org.springframework.test.context.support.ActiveProfilesUtils - Could not find an 'annotation declaring class' for annotation type [org.springframework.test.context.ActiveProfiles] and class [weatherServiceAPI.WeatherMockTests]
11:58:56.566 [main] DEBUG org.springframework.test.context.BootstrapUtils - Instantiating CacheAwareContextLoaderDelegate from class [org.springframework.test.context.cache.DefaultCacheAwareContextLoaderDelegate]
11:58:56.567 [main] DEBUG org.springframework.test.context.BootstrapUtils - Instantiating BootstrapContext using constructor [public org.springframework.test.context.support.DefaultBootstrapContext(java.lang.Class,org.springframework.test.context.CacheAwareContextLoaderDelegate)]
11:58:56.567 [main] DEBUG org.springframework.test.context.BootstrapUtils - Instantiating TestContextBootstrapper for test class [weatherServiceAPI.WeatherMockTests] from class [org.springframework.boot.test.context.SpringBootTestContextBootstrapper]
11:58:56.568 [main] INFO org.springframework.boot.test.context.SpringBootTestContextBootstrapper - Neither @ContextConfiguration nor @ContextHierarchy found for test class [weatherServiceAPI.WeatherMockTests], using SpringBootContextLoader
11:58:56.569 [main] DEBUG org.springframework.test.context.support.AbstractContextLoader - Did not detect default resource location for test class [weatherServiceAPI.WeatherMockTests]: class path resource [weatherServiceAPI/WeatherMockTests-context.xml] does not exist
11:58:56.570 [main] DEBUG org.springframework.test.context.support.AbstractContextLoader - Did not detect default resource location for test class [weatherServiceAPI.WeatherMockTests]: class path resource [weatherServiceAPI/WeatherMockTestsContext.groovy] does not exist
11:58:56.572 [main] INFO org.springframework.test.context.support.AbstractContextLoader - Could not detect default resource locations for test class [weatherServiceAPI.WeatherMockTests]: no resource found for suffixes {-context.xml, Context.groovy}.
11:58:56.572 [main] INFO org.springframework.test.context.support.AnnotationConfigContextLoaderUtils - Could not detect default configuration classes for test class [weatherServiceAPI.WeatherMockTests]: WeatherMockTests does not declare any static, non-private, non-final, nested classes annotated with @Configuration.
11:58:56.579 [main] DEBUG org.springframework.test.context.support.ActiveProfilesUtils - Could not find an 'annotation declaring class' for annotation type [org.springframework.test.context.ActiveProfiles] and class [weatherServiceAPI.WeatherMockTests]
]]></system-out>
  </testcase>
</testsuite>