-------------------------------------------------------------------------------
Test set: weatherServiceAPI.WeatherJUnitTests
-------------------------------------------------------------------------------
Tests run: 1, Failures: 0, Errors: 1, Skipped: 0, Time elapsed: 0.004 s <<< FAILURE! - in weatherServiceAPI.WeatherJUnitTests
initializationError  Time elapsed: 0 s  <<< ERROR!
java.lang.IllegalStateException: Unable to find a @SpringBootConfiguration, you need to use @ContextConfiguration or @SpringBootTest(classes=...) with your test

